2020.07.01 13:51:15 INFO  started: Metals version 0.9.0 in workspace '/home/rs/MEGA/repositories/technotes'
2020.07.01 13:51:16 INFO  time: initialize in 0.53s
2020.07.01 13:51:17 WARN  no build tool detected in workspace '/home/rs/MEGA/repositories/technotes'. The most common cause for this problem is that the editor was opened in the wrong working directory, for example if you use sbt then the workspace directory should contain build.sbt. 
2020.07.01 13:51:25 INFO  no build target: using presentation compiler with only scala-library
2020.07.01 13:51:28 WARN  no build target for: /home/rs/MEGA/repositories/technotes/docs/Data/scala/scala1.scala
2020.07.01 13:51:42 WARN  no build target for: /home/rs/MEGA/repositories/technotes/docs/Data/scala/scala0.scala
2020.07.01 13:51:56 WARN  no build target for: /home/rs/MEGA/repositories/technotes/docs/Data/scala/scala0.scala
2020.07.01 13:53:08 WARN  no build target for: /home/rs/MEGA/repositories/technotes/docs/Data/scala/scala0.scala
2020.07.01 13:53:32 WARN  no build target for: /home/rs/MEGA/repositories/technotes/docs/Data/scala/scala0.scala
2020.07.01 13:53:38 WARN  no build target for: /home/rs/MEGA/repositories/technotes/docs/Data/scala/scala0.scala
2020.07.01 13:58:37 WARN  no build target for: /home/rs/MEGA/repositories/technotes/docs/Data/scala/scala10.scala
2020.07.01 13:58:53 WARN  no build target for: /home/rs/MEGA/repositories/technotes/docs/Data/scala/scala10.scala
2020.07.01 13:58:53 WARN  no build target for: /home/rs/MEGA/repositories/technotes/docs/Data/scala/scala10.scala
2020.07.01 13:59:06 WARN  no build target for: /home/rs/MEGA/repositories/technotes/docs/Data/scala/scala10.scala
2020.07.01 13:59:11 WARN  no build target for: /home/rs/MEGA/repositories/technotes/docs/Data/scala/scala10.scala
2020.07.01 14:09:41 INFO  shutting down Metals
2020.07.01 14:18:31 INFO  started: Metals version 0.9.0 in workspace '/home/rs/MEGA/repositories/technotes'
2020.07.01 14:18:32 INFO  time: initialize in 0.48s
2020.07.01 14:18:32 WARN  no build tool detected in workspace '/home/rs/MEGA/repositories/technotes'. The most common cause for this problem is that the editor was opened in the wrong working directory, for example if you use sbt then the workspace directory should contain build.sbt. 
Jul 01, 2020 2:53:45 PM org.eclipse.lsp4j.jsonrpc.services.GenericEndpoint notify
INFO: Unsupported notification method: $/setTraceNotification
Jul 01, 2020 10:33:06 PM org.eclipse.lsp4j.jsonrpc.services.GenericEndpoint notify
INFO: Unsupported notification method: $/setTraceNotification
2020.07.01 22:36:02 INFO  shutting down Metals
2020.07.03 10:34:18 INFO  started: Metals version 0.9.0 in workspace '/home/rs/MEGA/repositories/technotes'
2020.07.03 10:34:20 INFO  time: initialize in 2.42s
2020.07.03 10:34:22 WARN  no build tool detected in workspace '/home/rs/MEGA/repositories/technotes'. The most common cause for this problem is that the editor was opened in the wrong working directory, for example if you use sbt then the workspace directory should contain build.sbt. 
2020.07.03 10:39:19 INFO  shutting down Metals
